[2019-09-27 07:36:03] local.ERROR: Class 'App\Providers\Passport' not found {"exception":"[object] (Symfony\\Component\\Debug\\Exception\\FatalThrowableError(code: 0): Class 'App\\Providers\\Passport' not found at C:\\xampp\\htdocs\\ProjectApi\\app\\Providers\\AuthServiceProvider.php:27)
[stacktrace]
#0 [internal function]: App\\Providers\\AuthServiceProvider->boot()
#1 C:\\xampp\\htdocs\\ProjectApi\\vendor\\laravel\\framework\\src\\Illuminate\\Container\\BoundMethod.php(32): call_user_func_array(Array, Array)
#2 C:\\xampp\\htdocs\\ProjectApi\\vendor\\laravel\\framework\\src\\Illuminate\\Support\\helpers.php(522): Illuminate\\Container\\BoundMethod::Illuminate\\Container\\{closure}()
#3 C:\\xampp\\htdocs\\ProjectApi\\vendor\\laravel\\framework\\src\\Illuminate\\Container\\BoundMethod.php(90): value(Object(Closure))
#4 C:\\xampp\\htdocs\\ProjectApi\\vendor\\laravel\\framework\\src\\Illuminate\\Container\\BoundMethod.php(34): Illuminate\\Container\\BoundMethod::callBoundMethod(Object(Illuminate\\Foundation\\Application), Array, Object(Closure))
#5 C:\\xampp\\htdocs\\ProjectApi\\vendor\\laravel\\framework\\src\\Illuminate\\Container\\Container.php(591): Illuminate\\Container\\BoundMethod::call(Object(Illuminate\\Foundation\\Application), Array, Array, NULL)
#6 C:\\xampp\\htdocs\\ProjectApi\\vendor\\laravel\\framework\\src\\Illuminate\\Foundation\\Application.php(828): Illuminate\\Container\\Container->call(Array)
#7 C:\\xampp\\htdocs\\ProjectApi\\vendor\\laravel\\framework\\src\\Illuminate\\Foundation\\Application.php(811): Illuminate\\Foundation\\Application->bootProvider(Object(App\\Providers\\AuthServiceProvider))
#8 [internal function]: Illuminate\\Foundation\\Application->Illuminate\\Foundation\\{closure}(Object(App\\Providers\\AuthServiceProvider), 21)
#9 C:\\xampp\\htdocs\\ProjectApi\\vendor\\laravel\\framework\\src\\Illuminate\\Foundation\\Application.php(812): array_walk(Array, Object(Closure))
#10 C:\\xampp\\htdocs\\ProjectApi\\vendor\\laravel\\framework\\src\\Illuminate\\Foundation\\Bootstrap\\BootProviders.php(17): Illuminate\\Foundation\\Application->boot()
#11 C:\\xampp\\htdocs\\ProjectApi\\vendor\\laravel\\framework\\src\\Illuminate\\Foundation\\Application.php(211): Illuminate\\Foundation\\Bootstrap\\BootProviders->bootstrap(Object(Illuminate\\Foundation\\Application))
#12 C:\\xampp\\htdocs\\ProjectApi\\vendor\\laravel\\framework\\src\\Illuminate\\Foundation\\Http\\Kernel.php(162): Illuminate\\Foundation\\Application->bootstrapWith(Array)
#13 C:\\xampp\\htdocs\\ProjectApi\\vendor\\laravel\\framework\\src\\Illuminate\\Foundation\\Http\\Kernel.php(146): Illuminate\\Foundation\\Http\\Kernel->bootstrap()
#14 C:\\xampp\\htdocs\\ProjectApi\\vendor\\laravel\\framework\\src\\Illuminate\\Foundation\\Http\\Kernel.php(116): Illuminate\\Foundation\\Http\\Kernel->sendRequestThroughRouter(Object(Illuminate\\Http\\Request))
#15 C:\\xampp\\htdocs\\ProjectApi\\public\\index.php(55): Illuminate\\Foundation\\Http\\Kernel->handle(Object(Illuminate\\Http\\Request))
#16 {main}
"} 
[2019-09-27 07:38:28] local.ERROR: Class 'App\Providers\Passport' not found {"exception":"[object] (Symfony\\Component\\Debug\\Exception\\FatalThrowableError(code: 0): Class 'App\\Providers\\Passport' not found at C:\\xampp\\htdocs\\ProjectApi\\app\\Providers\\AuthServiceProvider.php:27)
[stacktrace]
#0 [internal function]: App\\Providers\\AuthServiceProvider->boot()
#1 C:\\xampp\\htdocs\\ProjectApi\\vendor\\laravel\\framework\\src\\Illuminate\\Container\\BoundMethod.php(32): call_user_func_array(Array, Array)
#2 C:\\xampp\\htdocs\\ProjectApi\\vendor\\laravel\\framework\\src\\Illuminate\\Support\\helpers.php(522): Illuminate\\Container\\BoundMethod::Illuminate\\Container\\{closure}()
#3 C:\\xampp\\htdocs\\ProjectApi\\vendor\\laravel\\framework\\src\\Illuminate\\Container\\BoundMethod.php(90): value(Object(Closure))
#4 C:\\xampp\\htdocs\\ProjectApi\\vendor\\laravel\\framework\\src\\Illuminate\\Container\\BoundMethod.php(34): Illuminate\\Container\\BoundMethod::callBoundMethod(Object(Illuminate\\Foundation\\Application), Array, Object(Closure))
#5 C:\\xampp\\htdocs\\ProjectApi\\vendor\\laravel\\framework\\src\\Illuminate\\Container\\Container.php(591): Illuminate\\Container\\BoundMethod::call(Object(Illuminate\\Foundation\\Application), Array, Array, NULL)
#6 C:\\xampp\\htdocs\\ProjectApi\\vendor\\laravel\\framework\\src\\Illuminate\\Foundation\\Application.php(828): Illuminate\\Container\\Container->call(Array)
#7 C:\\xampp\\htdocs\\ProjectApi\\vendor\\laravel\\framework\\src\\Illuminate\\Foundation\\Application.php(811): Illuminate\\Foundation\\Application->bootProvider(Object(App\\Providers\\AuthServiceProvider))
#8 [internal function]: Illuminate\\Foundation\\Application->Illuminate\\Foundation\\{closure}(Object(App\\Providers\\AuthServiceProvider), 21)
#9 C:\\xampp\\htdocs\\ProjectApi\\vendor\\laravel\\framework\\src\\Illuminate\\Foundation\\Application.php(812): array_walk(Array, Object(Closure))
#10 C:\\xampp\\htdocs\\ProjectApi\\vendor\\laravel\\framework\\src\\Illuminate\\Foundation\\Bootstrap\\BootProviders.php(17): Illuminate\\Foundation\\Application->boot()
#11 C:\\xampp\\htdocs\\ProjectApi\\vendor\\laravel\\framework\\src\\Illuminate\\Foundation\\Application.php(211): Illuminate\\Foundation\\Bootstrap\\BootProviders->bootstrap(Object(Illuminate\\Foundation\\Application))
#12 C:\\xampp\\htdocs\\ProjectApi\\vendor\\laravel\\framework\\src\\Illuminate\\Foundation\\Http\\Kernel.php(162): Illuminate\\Foundation\\Application->bootstrapWith(Array)
#13 C:\\xampp\\htdocs\\ProjectApi\\vendor\\laravel\\framework\\src\\Illuminate\\Foundation\\Http\\Kernel.php(146): Illuminate\\Foundation\\Http\\Kernel->bootstrap()
#14 C:\\xampp\\htdocs\\ProjectApi\\vendor\\laravel\\framework\\src\\Illuminate\\Foundation\\Http\\Kernel.php(116): Illuminate\\Foundation\\Http\\Kernel->sendRequestThroughRouter(Object(Illuminate\\Http\\Request))
#15 C:\\xampp\\htdocs\\ProjectApi\\public\\index.php(55): Illuminate\\Foundation\\Http\\Kernel->handle(Object(Illuminate\\Http\\Request))
#16 {main}
"} 
[2019-09-27 07:51:13] local.ERROR: Trait 'App\HasApiTokens' not found {"exception":"[object] (Symfony\\Component\\Debug\\Exception\\FatalErrorException(code: 1): Trait 'App\\HasApiTokens' not found at C:\\xampp\\htdocs\\ProjectApi\\app\\User.php:11)
[stacktrace]
#0 {main}
"} 
[2019-09-27 11:03:49] local.ERROR: Command "make:migrations" is not defined.

Did you mean one of these?
    make:channel
    make:command
    make:controller
    make:event
    make:exception
    make:factory
    make:job
    make:listener
    make:mail
    make:middleware
    make:migration
    make:model
    make:notification
    make:observer
    make:policy
    make:provider
    make:request
    make:resource
    make:rule
    make:seeder
    make:test {"exception":"[object] (Symfony\\Component\\Console\\Exception\\CommandNotFoundException(code: 0): Command \"make:migrations\" is not defined.

Did you mean one of these?
    make:channel
    make:command
    make:controller
    make:event
    make:exception
    make:factory
    make:job
    make:listener
    make:mail
    make:middleware
    make:migration
    make:model
    make:notification
    make:observer
    make:policy
    make:provider
    make:request
    make:resource
    make:rule
    make:seeder
    make:test at C:\\xampp\\htdocs\\ProjectApi\\vendor\\symfony\\console\\Application.php:646)
[stacktrace]
#0 C:\\xampp\\htdocs\\ProjectApi\\vendor\\symfony\\console\\Application.php(236): Symfony\\Component\\Console\\Application->find('make:migrations')
#1 C:\\xampp\\htdocs\\ProjectApi\\vendor\\symfony\\console\\Application.php(148): Symfony\\Component\\Console\\Application->doRun(Object(Symfony\\Component\\Console\\Input\\ArgvInput), Object(Symfony\\Component\\Console\\Output\\ConsoleOutput))
#2 C:\\xampp\\htdocs\\ProjectApi\\vendor\\laravel\\framework\\src\\Illuminate\\Console\\Application.php(90): Symfony\\Component\\Console\\Application->run(Object(Symfony\\Component\\Console\\Input\\ArgvInput), Object(Symfony\\Component\\Console\\Output\\ConsoleOutput))
#3 C:\\xampp\\htdocs\\ProjectApi\\vendor\\laravel\\framework\\src\\Illuminate\\Foundation\\Console\\Kernel.php(131): Illuminate\\Console\\Application->run(Object(Symfony\\Component\\Console\\Input\\ArgvInput), Object(Symfony\\Component\\Console\\Output\\ConsoleOutput))
#4 C:\\xampp\\htdocs\\ProjectApi\\artisan(37): Illuminate\\Foundation\\Console\\Kernel->handle(Object(Symfony\\Component\\Console\\Input\\ArgvInput), Object(Symfony\\Component\\Console\\Output\\ConsoleOutput))
#5 {main}
"} 
